  Building Custom Rule C:/Users/B1llG/Desktop/visIt-plugin/src/CMakeLists.txt
  MCNPMDServerPluginInfo.C
  MCNPPluginInfo.C
  MCNPCommonPluginInfo.C
  avtMCNPFileFormat.C
C:\Users\B1llG\Desktop\visIt-plugin\src\avtMCNPFileFormat.C(203): error C2065: 'YOU': undeclared identifier
C:\Users\B1llG\Desktop\visIt-plugin\src\avtMCNPFileFormat.C(203): error C2146: syntax error: missing ';' before identifier 'MUST'
C:\Users\B1llG\Desktop\visIt-plugin\src\avtMCNPFileFormat.C(203): error C2065: 'MUST': undeclared identifier
C:\Users\B1llG\Desktop\visIt-plugin\src\avtMCNPFileFormat.C(203): error C2146: syntax error: missing ';' before identifier 'IMPLEMENT'
C:\Users\B1llG\Desktop\visIt-plugin\src\avtMCNPFileFormat.C(203): error C2065: 'IMPLEMENT': undeclared identifier
C:\Users\B1llG\Desktop\visIt-plugin\src\avtMCNPFileFormat.C(204): error C2146: syntax error: missing ';' before identifier 'THIS'
C:\Users\B1llG\Desktop\visIt-plugin\src\avtMCNPFileFormat.C(203): error C2065: 'THIS': undeclared identifier
C:\Users\B1llG\Desktop\visIt-plugin\src\avtMCNPFileFormat.C(204): error C2143: syntax error: missing ';' before '}'
C:\Users\B1llG\Desktop\visIt-plugin\src\avtMCNPFileFormat.C(226): error C2065: 'YOU': undeclared identifier
C:\Users\B1llG\Desktop\visIt-plugin\src\avtMCNPFileFormat.C(226): error C2146: syntax error: missing ';' before identifier 'MUST'
C:\Users\B1llG\Desktop\visIt-plugin\src\avtMCNPFileFormat.C(226): error C2065: 'MUST': undeclared identifier
C:\Users\B1llG\Desktop\visIt-plugin\src\avtMCNPFileFormat.C(226): error C2146: syntax error: missing ';' before identifier 'IMPLEMENT'
C:\Users\B1llG\Desktop\visIt-plugin\src\avtMCNPFileFormat.C(226): error C2065: 'IMPLEMENT': undeclared identifier
C:\Users\B1llG\Desktop\visIt-plugin\src\avtMCNPFileFormat.C(249): error C2146: syntax error: missing ';' before identifier 'THIS'
C:\Users\B1llG\Desktop\visIt-plugin\src\avtMCNPFileFormat.C(226): error C2065: 'THIS': undeclared identifier
C:\Users\B1llG\Desktop\visIt-plugin\src\avtMCNPFileFormat.C(249): error C2143: syntax error: missing ';' before '}'
C:\Users\B1llG\Desktop\visIt-plugin\src\avtMCNPFileFormat.C(271): error C2065: 'YOU': undeclared identifier
C:\Users\B1llG\Desktop\visIt-plugin\src\avtMCNPFileFormat.C(271): error C2146: syntax error: missing ';' before identifier 'MUST'
C:\Users\B1llG\Desktop\visIt-plugin\src\avtMCNPFileFormat.C(271): error C2065: 'MUST': undeclared identifier
C:\Users\B1llG\Desktop\visIt-plugin\src\avtMCNPFileFormat.C(271): error C2146: syntax error: missing ';' before identifier 'IMPLEMENT'
C:\Users\B1llG\Desktop\visIt-plugin\src\avtMCNPFileFormat.C(271): error C2065: 'IMPLEMENT': undeclared identifier
C:\Users\B1llG\Desktop\visIt-plugin\src\avtMCNPFileFormat.C(304): error C2146: syntax error: missing ';' before identifier 'THIS'
C:\Users\B1llG\Desktop\visIt-plugin\src\avtMCNPFileFormat.C(271): error C2065: 'THIS': undeclared identifier
C:\Users\B1llG\Desktop\visIt-plugin\src\avtMCNPFileFormat.C(304): error C2143: syntax error: missing ';' before '}'
  Generating Code...
